0 info it worked if it ends with ok
1 verbose cli [ '/Users/mathieudutour/.nvm/versions/node/v4.1.1/bin/node',
1 verbose cli   '/Users/mathieudutour/.nvm/versions/node/v4.1.1/bin/npm',
1 verbose cli   'link',
1 verbose cli   '../strategies/password' ]
2 info using npm@2.14.4
3 info using node@v4.1.1
4 verbose linkPkg /Users/mathieudutour/Projets/pnp-accounts/strategies/password
5 silly gentlyRm /Users/mathieudutour/.nvm/versions/node/v4.1.1/lib/node_modules/pnp-accounts-password is being purged
6 verbose gentlyRm don't care about contents; nuking /Users/mathieudutour/.nvm/versions/node/v4.1.1/lib/node_modules/pnp-accounts-password
7 verbose link build target /Users/mathieudutour/.nvm/versions/node/v4.1.1/lib/node_modules/pnp-accounts-password
8 verbose install where, what [ '/Users/mathieudutour/Projets/pnp-accounts/strategies/password',
8 verbose install   [] ]
9 verbose readDependencies loading dependencies from /Users/mathieudutour/Projets/pnp-accounts/strategies/password/package.json
10 verbose install where, deps [ '/Users/mathieudutour/Projets/pnp-accounts/strategies/password',
10 verbose install   [ 'babel-runtime',
10 verbose install     'bcrypt',
10 verbose install     'debug',
10 verbose install     'passport-local',
10 verbose install     'babel',
10 verbose install     'babel-eslint',
10 verbose install     'eslint',
10 verbose install     'eslint-config-airbnb',
10 verbose install     'ghooks',
10 verbose install     'nplint' ] ]
11 verbose install peerDependency pnp-accounts wasn't going to be installed; adding
12 warn peerDependencies The peer dependency pnp-accounts included from pnp-accounts-password will no
13 warn peerDependencies longer be automatically installed to fulfill the peerDependency
14 warn peerDependencies in npm 3+. Your application will need to depend on it explicitly.
15 verbose install where, peers [ '/Users/mathieudutour/Projets/pnp-accounts/strategies/password',
15 verbose install   [ 'pnp-accounts' ] ]
16 verbose installManyTop reading for lifecycle /Users/mathieudutour/Projets/pnp-accounts/strategies/password/package.json
17 info preinstall pnp-accounts-password@0.1.0
18 verbose readDependencies loading dependencies from /Users/mathieudutour/Projets/pnp-accounts/strategies/password/package.json
19 silly cache add args [ 'bcrypt@^0.8.5', null ]
20 verbose cache add spec bcrypt@^0.8.5
21 silly cache add parsed spec Result {
21 silly cache add   raw: 'bcrypt@^0.8.5',
21 silly cache add   scope: null,
21 silly cache add   name: 'bcrypt',
21 silly cache add   rawSpec: '^0.8.5',
21 silly cache add   spec: '>=0.8.5 <0.9.0',
21 silly cache add   type: 'range' }
22 silly addNamed bcrypt@>=0.8.5 <0.9.0
23 verbose addNamed ">=0.8.5 <0.9.0" is a valid semver range for bcrypt
24 silly addNameRange { name: 'bcrypt', range: '>=0.8.5 <0.9.0', hasData: false }
25 silly mapToRegistry name bcrypt
26 silly mapToRegistry using default registry
27 silly mapToRegistry registry https://registry.npmjs.org/
28 silly mapToRegistry uri https://registry.npmjs.org/bcrypt
29 verbose addNameRange registry:https://registry.npmjs.org/bcrypt not in flight; fetching
30 silly cache add args [ 'debug@^2.2.0', null ]
31 verbose cache add spec debug@^2.2.0
32 silly cache add parsed spec Result {
32 silly cache add   raw: 'debug@^2.2.0',
32 silly cache add   scope: null,
32 silly cache add   name: 'debug',
32 silly cache add   rawSpec: '^2.2.0',
32 silly cache add   spec: '>=2.2.0 <3.0.0',
32 silly cache add   type: 'range' }
33 silly addNamed debug@>=2.2.0 <3.0.0
34 verbose addNamed ">=2.2.0 <3.0.0" is a valid semver range for debug
35 silly addNameRange { name: 'debug', range: '>=2.2.0 <3.0.0', hasData: false }
36 silly mapToRegistry name debug
37 silly mapToRegistry using default registry
38 silly mapToRegistry registry https://registry.npmjs.org/
39 silly mapToRegistry uri https://registry.npmjs.org/debug
40 verbose addNameRange registry:https://registry.npmjs.org/debug not in flight; fetching
41 silly cache add args [ 'passport-local@^1.0.0', null ]
42 verbose cache add spec passport-local@^1.0.0
43 silly cache add parsed spec Result {
43 silly cache add   raw: 'passport-local@^1.0.0',
43 silly cache add   scope: null,
43 silly cache add   name: 'passport-local',
43 silly cache add   rawSpec: '^1.0.0',
43 silly cache add   spec: '>=1.0.0 <2.0.0',
43 silly cache add   type: 'range' }
44 silly addNamed passport-local@>=1.0.0 <2.0.0
45 verbose addNamed ">=1.0.0 <2.0.0" is a valid semver range for passport-local
46 silly addNameRange { name: 'passport-local',
46 silly addNameRange   range: '>=1.0.0 <2.0.0',
46 silly addNameRange   hasData: false }
47 silly mapToRegistry name passport-local
48 silly mapToRegistry using default registry
49 silly mapToRegistry registry https://registry.npmjs.org/
50 silly mapToRegistry uri https://registry.npmjs.org/passport-local
51 verbose addNameRange registry:https://registry.npmjs.org/passport-local not in flight; fetching
52 silly cache add args [ 'babel@^5.8.23', null ]
53 verbose cache add spec babel@^5.8.23
54 silly cache add parsed spec Result {
54 silly cache add   raw: 'babel@^5.8.23',
54 silly cache add   scope: null,
54 silly cache add   name: 'babel',
54 silly cache add   rawSpec: '^5.8.23',
54 silly cache add   spec: '>=5.8.23 <6.0.0',
54 silly cache add   type: 'range' }
55 silly addNamed babel@>=5.8.23 <6.0.0
56 verbose addNamed ">=5.8.23 <6.0.0" is a valid semver range for babel
57 silly addNameRange { name: 'babel', range: '>=5.8.23 <6.0.0', hasData: false }
58 silly mapToRegistry name babel
59 silly mapToRegistry using default registry
60 silly mapToRegistry registry https://registry.npmjs.org/
61 silly mapToRegistry uri https://registry.npmjs.org/babel
62 verbose addNameRange registry:https://registry.npmjs.org/babel not in flight; fetching
63 silly cache add args [ 'babel-eslint@^4.1.1', null ]
64 verbose cache add spec babel-eslint@^4.1.1
65 silly cache add parsed spec Result {
65 silly cache add   raw: 'babel-eslint@^4.1.1',
65 silly cache add   scope: null,
65 silly cache add   name: 'babel-eslint',
65 silly cache add   rawSpec: '^4.1.1',
65 silly cache add   spec: '>=4.1.1 <5.0.0',
65 silly cache add   type: 'range' }
66 silly addNamed babel-eslint@>=4.1.1 <5.0.0
67 verbose addNamed ">=4.1.1 <5.0.0" is a valid semver range for babel-eslint
68 silly addNameRange { name: 'babel-eslint', range: '>=4.1.1 <5.0.0', hasData: false }
69 silly mapToRegistry name babel-eslint
70 silly mapToRegistry using default registry
71 silly mapToRegistry registry https://registry.npmjs.org/
72 silly mapToRegistry uri https://registry.npmjs.org/babel-eslint
73 verbose addNameRange registry:https://registry.npmjs.org/babel-eslint not in flight; fetching
74 silly cache add args [ 'eslint@^1.1.0', null ]
75 verbose cache add spec eslint@^1.1.0
76 silly cache add parsed spec Result {
76 silly cache add   raw: 'eslint@^1.1.0',
76 silly cache add   scope: null,
76 silly cache add   name: 'eslint',
76 silly cache add   rawSpec: '^1.1.0',
76 silly cache add   spec: '>=1.1.0 <2.0.0',
76 silly cache add   type: 'range' }
77 silly addNamed eslint@>=1.1.0 <2.0.0
78 verbose addNamed ">=1.1.0 <2.0.0" is a valid semver range for eslint
79 silly addNameRange { name: 'eslint', range: '>=1.1.0 <2.0.0', hasData: false }
80 silly mapToRegistry name eslint
81 silly mapToRegistry using default registry
82 silly mapToRegistry registry https://registry.npmjs.org/
83 silly mapToRegistry uri https://registry.npmjs.org/eslint
84 verbose addNameRange registry:https://registry.npmjs.org/eslint not in flight; fetching
85 silly cache add args [ 'eslint-config-airbnb@^0.1.0', null ]
86 verbose cache add spec eslint-config-airbnb@^0.1.0
87 silly cache add parsed spec Result {
87 silly cache add   raw: 'eslint-config-airbnb@^0.1.0',
87 silly cache add   scope: null,
87 silly cache add   name: 'eslint-config-airbnb',
87 silly cache add   rawSpec: '^0.1.0',
87 silly cache add   spec: '>=0.1.0 <0.2.0',
87 silly cache add   type: 'range' }
88 silly addNamed eslint-config-airbnb@>=0.1.0 <0.2.0
89 verbose addNamed ">=0.1.0 <0.2.0" is a valid semver range for eslint-config-airbnb
90 silly addNameRange { name: 'eslint-config-airbnb',
90 silly addNameRange   range: '>=0.1.0 <0.2.0',
90 silly addNameRange   hasData: false }
91 silly mapToRegistry name eslint-config-airbnb
92 silly mapToRegistry using default registry
93 silly mapToRegistry registry https://registry.npmjs.org/
94 silly mapToRegistry uri https://registry.npmjs.org/eslint-config-airbnb
95 verbose addNameRange registry:https://registry.npmjs.org/eslint-config-airbnb not in flight; fetching
96 silly cache add args [ 'ghooks@^0.3.2', null ]
97 verbose cache add spec ghooks@^0.3.2
98 silly cache add parsed spec Result {
98 silly cache add   raw: 'ghooks@^0.3.2',
98 silly cache add   scope: null,
98 silly cache add   name: 'ghooks',
98 silly cache add   rawSpec: '^0.3.2',
98 silly cache add   spec: '>=0.3.2 <0.4.0',
98 silly cache add   type: 'range' }
99 silly addNamed ghooks@>=0.3.2 <0.4.0
100 verbose addNamed ">=0.3.2 <0.4.0" is a valid semver range for ghooks
101 silly addNameRange { name: 'ghooks', range: '>=0.3.2 <0.4.0', hasData: false }
102 silly mapToRegistry name ghooks
103 silly mapToRegistry using default registry
104 silly mapToRegistry registry https://registry.npmjs.org/
105 silly mapToRegistry uri https://registry.npmjs.org/ghooks
106 verbose addNameRange registry:https://registry.npmjs.org/ghooks not in flight; fetching
107 silly cache add args [ 'nplint@^0.3.0', null ]
108 verbose cache add spec nplint@^0.3.0
109 silly cache add parsed spec Result {
109 silly cache add   raw: 'nplint@^0.3.0',
109 silly cache add   scope: null,
109 silly cache add   name: 'nplint',
109 silly cache add   rawSpec: '^0.3.0',
109 silly cache add   spec: '>=0.3.0 <0.4.0',
109 silly cache add   type: 'range' }
110 silly addNamed nplint@>=0.3.0 <0.4.0
111 verbose addNamed ">=0.3.0 <0.4.0" is a valid semver range for nplint
112 silly addNameRange { name: 'nplint', range: '>=0.3.0 <0.4.0', hasData: false }
113 silly mapToRegistry name nplint
114 silly mapToRegistry using default registry
115 silly mapToRegistry registry https://registry.npmjs.org/
116 silly mapToRegistry uri https://registry.npmjs.org/nplint
117 verbose addNameRange registry:https://registry.npmjs.org/nplint not in flight; fetching
118 silly cache add args [ 'pnp-accounts@^0.1.0', null ]
119 verbose cache add spec pnp-accounts@^0.1.0
120 silly cache add parsed spec Result {
120 silly cache add   raw: 'pnp-accounts@^0.1.0',
120 silly cache add   scope: null,
120 silly cache add   name: 'pnp-accounts',
120 silly cache add   rawSpec: '^0.1.0',
120 silly cache add   spec: '>=0.1.0 <0.2.0',
120 silly cache add   type: 'range' }
121 silly addNamed pnp-accounts@>=0.1.0 <0.2.0
122 verbose addNamed ">=0.1.0 <0.2.0" is a valid semver range for pnp-accounts
123 silly addNameRange { name: 'pnp-accounts', range: '>=0.1.0 <0.2.0', hasData: false }
124 silly mapToRegistry name pnp-accounts
125 silly mapToRegistry using default registry
126 silly mapToRegistry registry https://registry.npmjs.org/
127 silly mapToRegistry uri https://registry.npmjs.org/pnp-accounts
128 verbose addNameRange registry:https://registry.npmjs.org/pnp-accounts not in flight; fetching
129 silly cache add args [ 'babel-runtime@^5.8.25', null ]
130 verbose cache add spec babel-runtime@^5.8.25
131 silly cache add parsed spec Result {
131 silly cache add   raw: 'babel-runtime@^5.8.25',
131 silly cache add   scope: null,
131 silly cache add   name: 'babel-runtime',
131 silly cache add   rawSpec: '^5.8.25',
131 silly cache add   spec: '>=5.8.25 <6.0.0',
131 silly cache add   type: 'range' }
132 silly addNamed babel-runtime@>=5.8.25 <6.0.0
133 verbose addNamed ">=5.8.25 <6.0.0" is a valid semver range for babel-runtime
134 silly addNameRange { name: 'babel-runtime',
134 silly addNameRange   range: '>=5.8.25 <6.0.0',
134 silly addNameRange   hasData: false }
135 silly mapToRegistry name babel-runtime
136 silly mapToRegistry using default registry
137 silly mapToRegistry registry https://registry.npmjs.org/
138 silly mapToRegistry uri https://registry.npmjs.org/babel-runtime
139 verbose addNameRange registry:https://registry.npmjs.org/babel-runtime not in flight; fetching
140 verbose request uri https://registry.npmjs.org/pnp-accounts
141 verbose request no auth needed
142 info attempt registry request try #1 at 5:47:12 PM
143 verbose request using bearer token for auth
144 verbose request id 200914a7085ad289
145 http request GET https://registry.npmjs.org/pnp-accounts
146 verbose request uri https://registry.npmjs.org/passport-local
147 verbose request no auth needed
148 info attempt registry request try #1 at 5:47:12 PM
149 verbose request using bearer token for auth
150 verbose etag "7PF0GFV7RDBLZ2H970ISYW7Z7"
151 http request GET https://registry.npmjs.org/passport-local
152 verbose request uri https://registry.npmjs.org/debug
153 verbose request no auth needed
154 info attempt registry request try #1 at 5:47:12 PM
155 verbose request using bearer token for auth
156 verbose etag "2JBJBVEDTUMLSSNA1IP2W0MCG"
157 http request GET https://registry.npmjs.org/debug
158 verbose request uri https://registry.npmjs.org/bcrypt
159 verbose request no auth needed
160 info attempt registry request try #1 at 5:47:12 PM
161 verbose request using bearer token for auth
162 verbose etag "6MF2E89ZRP52319KQOZ8LM4Y"
163 http request GET https://registry.npmjs.org/bcrypt
164 verbose request uri https://registry.npmjs.org/babel
165 verbose request no auth needed
166 info attempt registry request try #1 at 5:47:12 PM
167 verbose request using bearer token for auth
168 verbose etag "2NAEJWDDJEHWO2D015SU1RW0V"
169 http request GET https://registry.npmjs.org/babel
170 verbose request uri https://registry.npmjs.org/babel-eslint
171 verbose request no auth needed
172 info attempt registry request try #1 at 5:47:12 PM
173 verbose request using bearer token for auth
174 verbose etag "9QTHNZ3WNC1VLJPFGC4NDRIPK"
175 http request GET https://registry.npmjs.org/babel-eslint
176 verbose request uri https://registry.npmjs.org/eslint-config-airbnb
177 verbose request no auth needed
178 info attempt registry request try #1 at 5:47:12 PM
179 verbose request using bearer token for auth
180 verbose etag "1XF86E8GIA3ICC3WL4N2PLYL"
181 http request GET https://registry.npmjs.org/eslint-config-airbnb
182 verbose request uri https://registry.npmjs.org/eslint
183 verbose request no auth needed
184 info attempt registry request try #1 at 5:47:12 PM
185 verbose request using bearer token for auth
186 verbose etag "9HMUGHRQ6OZKIP1M43DRFWNB0"
187 http request GET https://registry.npmjs.org/eslint
188 verbose request uri https://registry.npmjs.org/nplint
189 verbose request no auth needed
190 info attempt registry request try #1 at 5:47:12 PM
191 verbose request using bearer token for auth
192 verbose etag "3BN4N848CQ2DAHUNERRZC98G4"
193 http request GET https://registry.npmjs.org/nplint
194 verbose request uri https://registry.npmjs.org/ghooks
195 verbose request no auth needed
196 info attempt registry request try #1 at 5:47:12 PM
197 verbose request using bearer token for auth
198 verbose etag "5O1PXEW75NFCW1F6IE12WQOPQ"
199 http request GET https://registry.npmjs.org/ghooks
200 verbose request uri https://registry.npmjs.org/babel-runtime
201 verbose request no auth needed
202 info attempt registry request try #1 at 5:47:12 PM
203 verbose request using bearer token for auth
204 verbose etag "EO55RO8SMJB3U8NOD95W7H6MH"
205 http request GET https://registry.npmjs.org/babel-runtime
206 http 404 https://registry.npmjs.org/pnp-accounts
207 verbose headers { 'content-type': 'application/json',
207 verbose headers   'cache-control': 'max-age=0',
207 verbose headers   'content-length': '2',
207 verbose headers   'accept-ranges': 'bytes',
207 verbose headers   date: 'Sun, 25 Oct 2015 17:47:12 GMT',
207 verbose headers   via: '1.1 varnish',
207 verbose headers   connection: 'keep-alive',
207 verbose headers   'x-served-by': 'cache-lcy1127-LCY',
207 verbose headers   'x-cache': 'MISS',
207 verbose headers   'x-cache-hits': '0',
207 verbose headers   'x-timer': 'S1445795232.495576,VS0,VE164' }
208 silly get cb [ 404,
208 silly get   { 'content-type': 'application/json',
208 silly get     'cache-control': 'max-age=0',
208 silly get     'content-length': '2',
208 silly get     'accept-ranges': 'bytes',
208 silly get     date: 'Sun, 25 Oct 2015 17:47:12 GMT',
208 silly get     via: '1.1 varnish',
208 silly get     connection: 'keep-alive',
208 silly get     'x-served-by': 'cache-lcy1127-LCY',
208 silly get     'x-cache': 'MISS',
208 silly get     'x-cache-hits': '0',
208 silly get     'x-timer': 'S1445795232.495576,VS0,VE164' } ]
209 http 304 https://registry.npmjs.org/nplint
210 silly get cb [ 304,
210 silly get   { 'cache-control': 'max-age=60',
210 silly get     'accept-ranges': 'bytes',
210 silly get     date: 'Sun, 25 Oct 2015 17:47:12 GMT',
210 silly get     via: '1.1 varnish',
210 silly get     connection: 'keep-alive',
210 silly get     'x-served-by': 'cache-lcy1134-LCY',
210 silly get     'x-cache': 'MISS',
210 silly get     'x-cache-hits': '0',
210 silly get     'x-timer': 'S1445795232.543988,VS0,VE174' } ]
211 verbose etag https://registry.npmjs.org/nplint from cache
212 verbose get saving nplint to /Users/mathieudutour/.npm/registry.npmjs.org/nplint/.cache.json
213 silly addNameRange number 2 { name: 'nplint', range: '>=0.3.0 <0.4.0', hasData: true }
214 silly addNameRange versions [ 'nplint',
214 silly addNameRange   [ '0.1.0',
214 silly addNameRange     '0.1.1',
214 silly addNameRange     '0.2.0',
214 silly addNameRange     '0.2.1',
214 silly addNameRange     '0.2.2',
214 silly addNameRange     '0.2.3',
214 silly addNameRange     '0.2.4',
214 silly addNameRange     '0.2.5',
214 silly addNameRange     '0.2.6',
214 silly addNameRange     '0.3.0' ] ]
215 silly addNamed nplint@0.3.0
216 verbose addNamed "0.3.0" is a plain semver version for nplint
217 silly cache afterAdd nplint@0.3.0
218 verbose afterAdd /Users/mathieudutour/.npm/nplint/0.3.0/package/package.json not in flight; writing
219 verbose afterAdd /Users/mathieudutour/.npm/nplint/0.3.0/package/package.json written
220 http 200 https://registry.npmjs.org/babel-runtime
221 silly get cb [ 200,
221 silly get   { server: 'CouchDB/1.5.0 (Erlang OTP/R16B03)',
221 silly get     etag: '"C770CETDIESEO5XYKUL5V4N7U"',
221 silly get     'content-type': 'application/json',
221 silly get     'cache-control': 'max-age=60',
221 silly get     'content-length': '120019',
221 silly get     'accept-ranges': 'bytes',
221 silly get     date: 'Sun, 25 Oct 2015 17:47:12 GMT',
221 silly get     via: '1.1 varnish',
221 silly get     connection: 'keep-alive',
221 silly get     'x-served-by': 'cache-lcy1132-LCY',
221 silly get     'x-cache': 'MISS',
221 silly get     'x-cache-hits': '0',
221 silly get     'x-timer': 'S1445795232.551009,VS0,VE193',
221 silly get     vary: 'Accept' } ]
222 verbose get saving babel-runtime to /Users/mathieudutour/.npm/registry.npmjs.org/babel-runtime/.cache.json
223 silly addNameRange number 2 { name: 'babel-runtime',
223 silly addNameRange   range: '>=5.8.25 <6.0.0',
223 silly addNameRange   hasData: true }
224 silly addNameRange versions [ 'babel-runtime',
224 silly addNameRange   [ '4.0.1',
224 silly addNameRange     '4.0.2',
224 silly addNameRange     '4.1.1',
224 silly addNameRange     '4.2.0',
224 silly addNameRange     '4.2.1',
224 silly addNameRange     '4.3.0',
224 silly addNameRange     '4.4.1',
224 silly addNameRange     '4.4.2',
224 silly addNameRange     '4.4.3',
224 silly addNameRange     '4.4.4',
224 silly addNameRange     '4.4.5',
224 silly addNameRange     '4.4.6',
224 silly addNameRange     '4.5.0',
224 silly addNameRange     '4.5.1',
224 silly addNameRange     '4.5.2',
224 silly addNameRange     '4.5.3',
224 silly addNameRange     '4.5.4',
224 silly addNameRange     '4.5.5',
224 silly addNameRange     '4.6.0',
224 silly addNameRange     '4.6.1',
224 silly addNameRange     '4.6.3',
224 silly addNameRange     '4.6.4',
224 silly addNameRange     '4.6.5',
224 silly addNameRange     '4.6.6',
224 silly addNameRange     '4.7.0',
224 silly addNameRange     '4.7.1',
224 silly addNameRange     '4.7.2',
224 silly addNameRange     '4.7.3',
224 silly addNameRange     '4.7.4',
224 silly addNameRange     '4.7.5',
224 silly addNameRange     '4.7.6',
224 silly addNameRange     '4.7.7',
224 silly addNameRange     '4.7.8',
224 silly addNameRange     '4.7.9',
224 silly addNameRange     '4.7.10',
224 silly addNameRange     '4.7.11',
224 silly addNameRange     '4.7.12',
224 silly addNameRange     '4.7.13',
224 silly addNameRange     '4.7.14',
224 silly addNameRange     '4.7.15',
224 silly addNameRange     '4.7.16',
224 silly addNameRange     '5.0.0-beta1',
224 silly addNameRange     '5.0.0-beta2',
224 silly addNameRange     '5.0.0-beta3',
224 silly addNameRange     '5.0.0-beta4',
224 silly addNameRange     '5.0.0',
224 silly addNameRange     '5.0.1',
224 silly addNameRange     '5.0.2',
224 silly addNameRange     '5.0.3',
224 silly addNameRange     '5.0.4',
224 silly addNameRange     '5.0.5',
224 silly addNameRange     '5.0.6',
224 silly addNameRange     '5.0.7',
224 silly addNameRange     '5.0.8',
224 silly addNameRange     '5.0.9',
224 silly addNameRange     '5.0.10',
224 silly addNameRange     '5.0.11',
224 silly addNameRange     '5.0.12',
224 silly addNameRange     '5.0.13',
224 silly addNameRange     '5.1.0',
224 silly addNameRange     '5.1.1',
224 silly addNameRange     '5.1.2',
224 silly addNameRange     '5.1.3',
224 silly addNameRange     '5.1.4',
224 silly addNameRange     '5.1.5',
224 silly addNameRange     '5.1.6',
224 silly addNameRange     '5.1.7',
224 silly addNameRange     '5.1.8',
224 silly addNameRange     '5.1.9',
224 silly addNameRange     '5.1.10',
224 silly addNameRange     '5.1.11',
224 silly addNameRange     '5.1.12',
224 silly addNameRange     '5.1.13',
224 silly addNameRange     '5.2.0',
224 silly addNameRange     '5.2.1',
224 silly addNameRange     '5.2.2',
224 silly addNameRange     '5.2.3',
224 silly addNameRange     '5.2.4',
224 silly addNameRange     '5.2.5',
224 silly addNameRange     '5.2.6',
224 silly addNameRange     '5.2.7',
224 silly addNameRange     '5.2.9',
224 silly addNameRange     '5.2.10',
224 silly addNameRange     '5.2.11',
224 silly addNameRange     '5.2.12',
224 silly addNameRange     '5.2.13',
224 silly addNameRange     '5.2.14',
224 silly addNameRange     '5.2.15',
224 silly addNameRange     '5.2.16',
224 silly addNameRange     '5.2.17',
224 silly addNameRange     '5.3.0',
224 silly addNameRange     '5.3.1',
224 silly addNameRange     '5.3.2',
224 silly addNameRange     '5.3.3',
224 silly addNameRange     '5.4.0',
224 silly addNameRange     '5.4.1',
224 silly addNameRange     '5.4.2',
224 silly addNameRange     '5.4.3',
224 silly addNameRange     '5.4.4',
224 silly addNameRange     '5.4.5',
224 silly addNameRange     '5.4.6',
224 silly addNameRange     '5.4.7',
224 silly addNameRange     '5.5.0',
224 silly addNameRange     '5.5.1',
224 silly addNameRange     '5.5.2',
224 silly addNameRange     '5.5.3',
224 silly addNameRange     '5.5.4',
224 silly addNameRange     '5.5.5',
224 silly addNameRange     '5.5.6',
224 silly addNameRange     '5.5.7',
224 silly addNameRange     '5.5.8',
224 silly addNameRange     '5.6.0',
224 silly addNameRange     '5.6.1',
224 silly addNameRange     '5.6.2',
224 silly addNameRange     '5.6.3',
224 silly addNameRange     '5.6.4',
224 silly addNameRange     '5.6.5',
224 silly addNameRange     '5.6.6',
224 silly addNameRange     '5.6.7',
224 silly addNameRange     '5.6.8',
224 silly addNameRange     '5.6.9',
224 silly addNameRange     '5.6.10',
224 silly addNameRange     '5.6.11',
224 silly addNameRange     '5.6.12',
224 silly addNameRange     '5.6.14',
224 silly addNameRange     '5.6.15',
224 silly addNameRange     '5.6.16',
224 silly addNameRange     '5.6.17',
224 silly addNameRange     '5.6.18',
224 silly addNameRange     '5.6.19',
224 silly addNameRange     '5.6.20',
224 silly addNameRange     '5.7.0',
224 silly addNameRange     '5.8.2',
224 silly addNameRange     '5.8.3',
224 silly addNameRange     '5.8.5',
224 silly addNameRange     '5.8.8',
224 silly addNameRange     '5.8.9',
224 silly addNameRange     '5.8.12',
224 silly addNameRange     '5.8.19',
224 silly addNameRange     '5.8.20',
224 silly addNameRange     '5.8.24',
224 silly addNameRange     '5.8.25',
224 silly addNameRange     '5.8.29' ] ]
225 silly addNamed babel-runtime@5.8.29
226 verbose addNamed "5.8.29" is a plain semver version for babel-runtime
227 silly mapToRegistry name babel-runtime
228 silly mapToRegistry using default registry
229 silly mapToRegistry registry https://registry.npmjs.org/
230 silly mapToRegistry uri https://registry.npmjs.org/babel-runtime
231 verbose addRemoteTarball https://registry.npmjs.org/babel-runtime/-/babel-runtime-5.8.29.tgz not in flight; adding
232 verbose addRemoteTarball [ 'https://registry.npmjs.org/babel-runtime/-/babel-runtime-5.8.29.tgz',
232 verbose addRemoteTarball   '4a2052cbcff531788d3a9d6b03cd7f448285f825' ]
233 info retry fetch attempt 1 at 5:47:12 PM
234 info attempt registry request try #1 at 5:47:12 PM
235 http fetch GET https://registry.npmjs.org/babel-runtime/-/babel-runtime-5.8.29.tgz
236 verbose request using bearer token for auth
237 http 304 https://registry.npmjs.org/passport-local
238 silly get cb [ 304,
238 silly get   { 'cache-control': 'max-age=60',
238 silly get     'accept-ranges': 'bytes',
238 silly get     date: 'Sun, 25 Oct 2015 17:47:12 GMT',
238 silly get     via: '1.1 varnish',
238 silly get     connection: 'keep-alive',
238 silly get     'x-served-by': 'cache-lcy1124-LCY',
238 silly get     'x-cache': 'MISS',
238 silly get     'x-cache-hits': '0',
238 silly get     'x-timer': 'S1445795232.520208,VS0,VE410' } ]
239 verbose etag https://registry.npmjs.org/passport-local from cache
240 verbose get saving passport-local to /Users/mathieudutour/.npm/registry.npmjs.org/passport-local/.cache.json
241 silly addNameRange number 2 { name: 'passport-local',
241 silly addNameRange   range: '>=1.0.0 <2.0.0',
241 silly addNameRange   hasData: true }
242 silly addNameRange versions [ 'passport-local',
242 silly addNameRange   [ '0.1.0',
242 silly addNameRange     '0.1.1',
242 silly addNameRange     '0.1.2',
242 silly addNameRange     '0.1.3',
242 silly addNameRange     '0.1.4',
242 silly addNameRange     '0.1.5',
242 silly addNameRange     '0.1.6',
242 silly addNameRange     '1.0.0' ] ]
243 silly addNamed passport-local@1.0.0
244 verbose addNamed "1.0.0" is a plain semver version for passport-local
245 silly cache afterAdd passport-local@1.0.0
246 verbose afterAdd /Users/mathieudutour/.npm/passport-local/1.0.0/package/package.json not in flight; writing
247 verbose afterAdd /Users/mathieudutour/.npm/passport-local/1.0.0/package/package.json written
248 http fetch 200 https://registry.npmjs.org/babel-runtime/-/babel-runtime-5.8.29.tgz
249 http 200 https://registry.npmjs.org/eslint-config-airbnb
250 silly get cb [ 200,
250 silly get   { server: 'CouchDB/1.5.0 (Erlang OTP/R16B03)',
250 silly get     etag: '"4R6UI46NT0L5IIOJY9N0EGI2I"',
250 silly get     'content-type': 'application/json',
250 silly get     'cache-control': 'max-age=60',
250 silly get     'content-length': '15850',
250 silly get     'accept-ranges': 'bytes',
250 silly get     date: 'Sun, 25 Oct 2015 17:47:13 GMT',
250 silly get     via: '1.1 varnish',
250 silly get     connection: 'keep-alive',
250 silly get     'x-served-by': 'cache-lcy1126-LCY',
250 silly get     'x-cache': 'MISS',
250 silly get     'x-cache-hits': '0',
250 silly get     'x-timer': 'S1445795232.545934,VS0,VE515',
250 silly get     vary: 'Accept' } ]
251 verbose get saving eslint-config-airbnb to /Users/mathieudutour/.npm/registry.npmjs.org/eslint-config-airbnb/.cache.json
252 http 304 https://registry.npmjs.org/babel-eslint
253 silly get cb [ 304,
253 silly get   { 'cache-control': 'max-age=60',
253 silly get     'accept-ranges': 'bytes',
253 silly get     date: 'Sun, 25 Oct 2015 17:47:13 GMT',
253 silly get     via: '1.1 varnish',
253 silly get     connection: 'keep-alive',
253 silly get     'x-served-by': 'cache-lcy1129-LCY',
253 silly get     'x-cache': 'MISS',
253 silly get     'x-cache-hits': '0',
253 silly get     'x-timer': 'S1445795232.531940,VS0,VE673' } ]
254 verbose etag https://registry.npmjs.org/babel-eslint from cache
255 verbose get saving babel-eslint to /Users/mathieudutour/.npm/registry.npmjs.org/babel-eslint/.cache.json
256 silly addNameRange number 2 { name: 'babel-eslint', range: '>=4.1.1 <5.0.0', hasData: true }
257 silly addNameRange versions [ 'babel-eslint',
257 silly addNameRange   [ '1.0.0',
257 silly addNameRange     '1.0.1',
257 silly addNameRange     '1.0.2',
257 silly addNameRange     '1.0.3',
257 silly addNameRange     '1.0.4',
257 silly addNameRange     '1.0.6',
257 silly addNameRange     '1.0.7',
257 silly addNameRange     '1.0.8',
257 silly addNameRange     '1.0.9',
257 silly addNameRange     '1.0.10',
257 silly addNameRange     '1.0.11',
257 silly addNameRange     '1.0.12',
257 silly addNameRange     '1.0.13',
257 silly addNameRange     '1.0.14',
257 silly addNameRange     '2.0.0',
257 silly addNameRange     '2.0.2',
257 silly addNameRange     '3.0.0',
257 silly addNameRange     '3.0.1',
257 silly addNameRange     '3.1.0',
257 silly addNameRange     '3.1.1',
257 silly addNameRange     '3.1.3',
257 silly addNameRange     '3.1.4',
257 silly addNameRange     '3.1.5',
257 silly addNameRange     '3.1.6',
257 silly addNameRange     '3.1.7',
257 silly addNameRange     '3.1.8',
257 silly addNameRange     '3.1.9',
257 silly addNameRange     '3.1.10',
257 silly addNameRange     '3.1.11',
257 silly addNameRange     '3.1.12',
257 silly addNameRange     '3.1.13',
257 silly addNameRange     '3.1.14',
257 silly addNameRange     '3.1.15',
257 silly addNameRange     '3.1.16',
257 silly addNameRange     '3.1.17',
257 silly addNameRange     '3.1.18',
257 silly addNameRange     '3.1.19',
257 silly addNameRange     '3.1.20',
257 silly addNameRange     '3.1.21',
257 silly addNameRange     '3.1.22',
257 silly addNameRange     '3.1.23',
257 silly addNameRange     '3.1.24',
257 silly addNameRange     '3.1.25',
257 silly addNameRange     '3.1.26',
257 silly addNameRange     '3.1.27',
257 silly addNameRange     '4.0.0',
257 silly addNameRange     '4.0.1',
257 silly addNameRange     '4.0.2',
257 silly addNameRange     '3.1.28',
257 silly addNameRange     '4.0.3',
257 silly addNameRange     '3.1.29',
257 silly addNameRange     '4.0.4',
257 silly addNameRange     '3.1.30',
257 silly addNameRange     '4.0.5',
257 silly addNameRange     '4.0.6',
257 silly addNameRange     '4.0.7',
257 silly addNameRange     '4.0.8',
257 silly addNameRange     '4.0.9',
257 silly addNameRange     '4.0.10',
257 silly addNameRange     '4.1.0',
257 silly addNameRange     '4.1.1',
257 silly addNameRange     '4.1.2',
257 silly addNameRange     '4.1.3' ] ]
258 silly addNamed babel-eslint@4.1.3
259 verbose addNamed "4.1.3" is a plain semver version for babel-eslint
260 silly addNameRange number 2 { name: 'eslint-config-airbnb',
260 silly addNameRange   range: '>=0.1.0 <0.2.0',
260 silly addNameRange   hasData: true }
261 silly addNameRange versions [ 'eslint-config-airbnb',
261 silly addNameRange   [ '0.0.1',
261 silly addNameRange     '0.0.2',
261 silly addNameRange     '0.0.4',
261 silly addNameRange     '0.0.5',
261 silly addNameRange     '0.0.6',
261 silly addNameRange     '0.0.6-dev',
261 silly addNameRange     '0.0.6-dev2',
261 silly addNameRange     '0.0.7',
261 silly addNameRange     '0.0.8',
261 silly addNameRange     '0.0.9',
261 silly addNameRange     '0.1.0' ] ]
262 silly addNamed eslint-config-airbnb@0.1.0
263 verbose addNamed "0.1.0" is a plain semver version for eslint-config-airbnb
264 silly fetchAndShaCheck shasum 4a2052cbcff531788d3a9d6b03cd7f448285f825
265 http 200 https://registry.npmjs.org/bcrypt
266 silly get cb [ 200,
266 silly get   { server: 'CouchDB/1.5.0 (Erlang OTP/R16B03)',
266 silly get     etag: '"F2DI33D8DWXCY4RRWAV5CPVOR"',
266 silly get     'content-type': 'application/json',
266 silly get     'cache-control': 'max-age=60',
266 silly get     'content-length': '74216',
266 silly get     'accept-ranges': 'bytes',
266 silly get     date: 'Sun, 25 Oct 2015 17:47:13 GMT',
266 silly get     via: '1.1 varnish',
266 silly get     connection: 'keep-alive',
266 silly get     'x-served-by': 'cache-lcy1132-LCY',
266 silly get     'x-cache': 'MISS',
266 silly get     'x-cache-hits': '0',
266 silly get     'x-timer': 'S1445795232.523897,VS0,VE479',
266 silly get     vary: 'Accept' } ]
267 verbose get saving bcrypt to /Users/mathieudutour/.npm/registry.npmjs.org/bcrypt/.cache.json
268 silly cache afterAdd babel-eslint@4.1.3
269 verbose afterAdd /Users/mathieudutour/.npm/babel-eslint/4.1.3/package/package.json not in flight; writing
270 verbose addTmpTarball /var/folders/vg/y8649tt52lqf0xxvbvqsm2dh0000gn/T/npm-37943-79f99c63/registry.npmjs.org/babel-runtime/-/babel-runtime-5.8.29.tgz not in flight; adding
271 verbose addTmpTarball already have metadata; skipping unpack for babel-runtime@5.8.29
272 silly cache afterAdd eslint-config-airbnb@0.1.0
273 verbose afterAdd /Users/mathieudutour/.npm/eslint-config-airbnb/0.1.0/package/package.json not in flight; writing
274 silly addNameRange number 2 { name: 'bcrypt', range: '>=0.8.5 <0.9.0', hasData: true }
275 silly addNameRange versions [ 'bcrypt',
275 silly addNameRange   [ '0.1.2',
275 silly addNameRange     '0.2.0',
275 silly addNameRange     '0.2.1',
275 silly addNameRange     '0.1.3',
275 silly addNameRange     '0.2.2',
275 silly addNameRange     '0.2.3',
275 silly addNameRange     '0.2.4',
275 silly addNameRange     '0.3.0',
275 silly addNameRange     '0.3.1',
275 silly addNameRange     '0.3.2',
275 silly addNameRange     '0.4.0',
275 silly addNameRange     '0.4.1',
275 silly addNameRange     '0.5.0',
275 silly addNameRange     '0.6.0',
275 silly addNameRange     '0.7.0',
275 silly addNameRange     '0.7.1',
275 silly addNameRange     '0.7.2',
275 silly addNameRange     '0.7.3',
275 silly addNameRange     '0.7.4',
275 silly addNameRange     '0.7.5',
275 silly addNameRange     '0.7.6',
275 silly addNameRange     '0.7.7',
275 silly addNameRange     '0.7.8',
275 silly addNameRange     '0.8.0',
275 silly addNameRange     '0.8.1',
275 silly addNameRange     '0.8.2',
275 silly addNameRange     '0.8.3',
275 silly addNameRange     '0.8.4',
275 silly addNameRange     '0.8.5' ] ]
276 silly addNamed bcrypt@0.8.5
277 verbose addNamed "0.8.5" is a plain semver version for bcrypt
278 verbose afterAdd /Users/mathieudutour/.npm/eslint-config-airbnb/0.1.0/package/package.json written
279 verbose afterAdd /Users/mathieudutour/.npm/babel-eslint/4.1.3/package/package.json written
280 silly cache afterAdd babel-runtime@5.8.29
281 verbose afterAdd /Users/mathieudutour/.npm/babel-runtime/5.8.29/package/package.json not in flight; writing
282 silly cache afterAdd bcrypt@0.8.5
283 verbose afterAdd /Users/mathieudutour/.npm/bcrypt/0.8.5/package/package.json not in flight; writing
284 verbose afterAdd /Users/mathieudutour/.npm/babel-runtime/5.8.29/package/package.json written
285 verbose afterAdd /Users/mathieudutour/.npm/bcrypt/0.8.5/package/package.json written
286 http 200 https://registry.npmjs.org/ghooks
287 silly get cb [ 200,
287 silly get   { server: 'CouchDB/1.5.0 (Erlang OTP/R16B03)',
287 silly get     etag: '"CIG1DWBK9QDV4H1SDRY2UP9SH"',
287 silly get     'content-type': 'application/json',
287 silly get     'cache-control': 'max-age=60',
287 silly get     'content-length': '16604',
287 silly get     'accept-ranges': 'bytes',
287 silly get     date: 'Sun, 25 Oct 2015 17:47:13 GMT',
287 silly get     via: '1.1 varnish',
287 silly get     connection: 'keep-alive',
287 silly get     'x-served-by': 'cache-lcy1130-LCY',
287 silly get     'x-cache': 'MISS',
287 silly get     'x-cache-hits': '0',
287 silly get     'x-timer': 'S1445795232.547042,VS0,VE825',
287 silly get     vary: 'Accept' } ]
288 verbose get saving ghooks to /Users/mathieudutour/.npm/registry.npmjs.org/ghooks/.cache.json
289 silly addNameRange number 2 { name: 'ghooks', range: '>=0.3.2 <0.4.0', hasData: true }
290 silly addNameRange versions [ 'ghooks',
290 silly addNameRange   [ '0.1.0',
290 silly addNameRange     '0.1.1',
290 silly addNameRange     '0.2.0',
290 silly addNameRange     '0.2.1',
290 silly addNameRange     '0.2.2',
290 silly addNameRange     '0.2.4',
290 silly addNameRange     '0.2.5',
290 silly addNameRange     '0.3.0',
290 silly addNameRange     '0.3.1',
290 silly addNameRange     '0.3.2' ] ]
291 silly addNamed ghooks@0.3.2
292 verbose addNamed "0.3.2" is a plain semver version for ghooks
293 silly cache afterAdd ghooks@0.3.2
294 verbose afterAdd /Users/mathieudutour/.npm/ghooks/0.3.2/package/package.json not in flight; writing
295 verbose afterAdd /Users/mathieudutour/.npm/ghooks/0.3.2/package/package.json written
296 http 200 https://registry.npmjs.org/debug
297 silly get cb [ 200,
297 silly get   { server: 'CouchDB/1.5.0 (Erlang OTP/R16B03)',
297 silly get     etag: '"A4BK56FNR23E0ZUUMABJ7KBH"',
297 silly get     'content-type': 'application/json',
297 silly get     'cache-control': 'max-age=60',
297 silly get     'content-length': '35637',
297 silly get     'accept-ranges': 'bytes',
297 silly get     date: 'Sun, 25 Oct 2015 17:47:13 GMT',
297 silly get     via: '1.1 varnish',
297 silly get     connection: 'keep-alive',
297 silly get     'x-served-by': 'cache-lcy1127-LCY',
297 silly get     'x-cache': 'MISS',
297 silly get     'x-cache-hits': '0',
297 silly get     'x-timer': 'S1445795232.516738,VS0,VE1001',
297 silly get     vary: 'Accept' } ]
298 verbose get saving debug to /Users/mathieudutour/.npm/registry.npmjs.org/debug/.cache.json
299 silly addNameRange number 2 { name: 'debug', range: '>=2.2.0 <3.0.0', hasData: true }
300 silly addNameRange versions [ 'debug',
300 silly addNameRange   [ '0.0.1',
300 silly addNameRange     '0.1.0',
300 silly addNameRange     '0.2.0',
300 silly addNameRange     '0.3.0',
300 silly addNameRange     '0.4.0',
300 silly addNameRange     '0.4.1',
300 silly addNameRange     '0.5.0',
300 silly addNameRange     '0.6.0',
300 silly addNameRange     '0.7.0',
300 silly addNameRange     '0.7.1',
300 silly addNameRange     '0.7.2',
300 silly addNameRange     '0.7.3',
300 silly addNameRange     '0.7.4',
300 silly addNameRange     '0.8.0',
300 silly addNameRange     '0.8.1',
300 silly addNameRange     '1.0.0',
300 silly addNameRange     '1.0.1',
300 silly addNameRange     '1.0.2',
300 silly addNameRange     '1.0.3',
300 silly addNameRange     '1.0.4',
300 silly addNameRange     '2.0.0',
300 silly addNameRange     '2.1.0',
300 silly addNameRange     '2.1.1',
300 silly addNameRange     '2.1.2',
300 silly addNameRange     '2.1.3',
300 silly addNameRange     '2.2.0' ] ]
301 silly addNamed debug@2.2.0
302 verbose addNamed "2.2.0" is a plain semver version for debug
303 silly cache afterAdd debug@2.2.0
304 verbose afterAdd /Users/mathieudutour/.npm/debug/2.2.0/package/package.json not in flight; writing
305 verbose afterAdd /Users/mathieudutour/.npm/debug/2.2.0/package/package.json written
306 http 200 https://registry.npmjs.org/babel
307 silly get cb [ 200,
307 silly get   { server: 'CouchDB/1.5.0 (Erlang OTP/R16B03)',
307 silly get     etag: '"ANU3V2QMUBGRGZNI705IC8FR6"',
307 silly get     'content-type': 'application/json',
307 silly get     'cache-control': 'max-age=60',
307 silly get     'content-length': '211046',
307 silly get     'accept-ranges': 'bytes',
307 silly get     date: 'Sun, 25 Oct 2015 17:47:13 GMT',
307 silly get     via: '1.1 varnish',
307 silly get     connection: 'keep-alive',
307 silly get     'x-served-by': 'cache-lcy1121-LCY',
307 silly get     'x-cache': 'MISS',
307 silly get     'x-cache-hits': '0',
307 silly get     'x-timer': 'S1445795232.527557,VS0,VE541',
307 silly get     vary: 'Accept' } ]
308 verbose get saving babel to /Users/mathieudutour/.npm/registry.npmjs.org/babel/.cache.json
309 silly addNameRange number 2 { name: 'babel', range: '>=5.8.23 <6.0.0', hasData: true }
310 silly addNameRange versions [ 'babel',
310 silly addNameRange   [ '0.0.1',
310 silly addNameRange     '4.0.1',
310 silly addNameRange     '4.0.2',
310 silly addNameRange     '4.1.1',
310 silly addNameRange     '4.2.0',
310 silly addNameRange     '4.2.1',
310 silly addNameRange     '4.3.0',
310 silly addNameRange     '4.4.1',
310 silly addNameRange     '4.4.2',
310 silly addNameRange     '4.4.3',
310 silly addNameRange     '4.4.4',
310 silly addNameRange     '4.4.5',
310 silly addNameRange     '4.4.6',
310 silly addNameRange     '4.5.0',
310 silly addNameRange     '4.5.1',
310 silly addNameRange     '4.5.2',
310 silly addNameRange     '4.5.3',
310 silly addNameRange     '4.5.4',
310 silly addNameRange     '4.5.5',
310 silly addNameRange     '4.6.0',
310 silly addNameRange     '4.6.1',
310 silly addNameRange     '4.6.3',
310 silly addNameRange     '4.6.4',
310 silly addNameRange     '4.6.5',
310 silly addNameRange     '4.6.6',
310 silly addNameRange     '4.7.0',
310 silly addNameRange     '4.7.1',
310 silly addNameRange     '4.7.2',
310 silly addNameRange     '4.7.3',
310 silly addNameRange     '4.7.4',
310 silly addNameRange     '4.7.5',
310 silly addNameRange     '4.7.6',
310 silly addNameRange     '4.7.7',
310 silly addNameRange     '4.7.8',
310 silly addNameRange     '4.7.9',
310 silly addNameRange     '4.7.10',
310 silly addNameRange     '4.7.11',
310 silly addNameRange     '4.7.12',
310 silly addNameRange     '4.7.13',
310 silly addNameRange     '4.7.14',
310 silly addNameRange     '4.7.15',
310 silly addNameRange     '4.7.16',
310 silly addNameRange     '5.0.0-beta2',
310 silly addNameRange     '5.0.0-beta3',
310 silly addNameRange     '5.0.0-beta4',
310 silly addNameRange     '5.0.0',
310 silly addNameRange     '5.0.1',
310 silly addNameRange     '5.0.2',
310 silly addNameRange     '5.0.3',
310 silly addNameRange     '5.0.4',
310 silly addNameRange     '5.0.5',
310 silly addNameRange     '5.0.6',
310 silly addNameRange     '5.0.7',
310 silly addNameRange     '5.0.8',
310 silly addNameRange     '5.0.9',
310 silly addNameRange     '5.0.10',
310 silly addNameRange     '5.0.11',
310 silly addNameRange     '5.0.12',
310 silly addNameRange     '5.0.13',
310 silly addNameRange     '5.1.0',
310 silly addNameRange     '5.1.1',
310 silly addNameRange     '5.1.2',
310 silly addNameRange     '5.1.3',
310 silly addNameRange     '5.1.4',
310 silly addNameRange     '5.1.5',
310 silly addNameRange     '5.1.6',
310 silly addNameRange     '5.1.7',
310 silly addNameRange     '5.1.8',
310 silly addNameRange     '5.1.9',
310 silly addNameRange     '5.1.10',
310 silly addNameRange     '5.1.11',
310 silly addNameRange     '5.1.12',
310 silly addNameRange     '5.1.13',
310 silly addNameRange     '5.2.0',
310 silly addNameRange     '5.2.1',
310 silly addNameRange     '5.2.2',
310 silly addNameRange     '5.2.3',
310 silly addNameRange     '5.2.4',
310 silly addNameRange     '5.2.5',
310 silly addNameRange     '5.2.6',
310 silly addNameRange     '5.2.7',
310 silly addNameRange     '5.2.9',
310 silly addNameRange     '5.2.10',
310 silly addNameRange     '5.2.11',
310 silly addNameRange     '5.2.12',
310 silly addNameRange     '5.2.13',
310 silly addNameRange     '5.2.14',
310 silly addNameRange     '5.2.15',
310 silly addNameRange     '5.2.16',
310 silly addNameRange     '5.2.17',
310 silly addNameRange     '5.3.0',
310 silly addNameRange     '5.3.1',
310 silly addNameRange     '5.3.2',
310 silly addNameRange     '5.3.3',
310 silly addNameRange     '5.4.0',
310 silly addNameRange     '5.4.1',
310 silly addNameRange     '5.4.2',
310 silly addNameRange     '5.4.3',
310 silly addNameRange     '5.4.4',
310 silly addNameRange     '5.4.5',
310 silly addNameRange     '5.4.6',
310 silly addNameRange     '5.4.7',
310 silly addNameRange     '5.5.0',
310 silly addNameRange     '5.5.1',
310 silly addNameRange     '5.5.2',
310 silly addNameRange     '5.5.3',
310 silly addNameRange     '5.5.4',
310 silly addNameRange     '5.5.5',
310 silly addNameRange     '5.5.6',
310 silly addNameRange     '5.5.7',
310 silly addNameRange     '5.5.8',
310 silly addNameRange     '5.6.1',
310 silly addNameRange     '5.6.2',
310 silly addNameRange     '5.6.3',
310 silly addNameRange     '5.6.4',
310 silly addNameRange     '5.6.5',
310 silly addNameRange     '5.6.6',
310 silly addNameRange     '5.6.7',
310 silly addNameRange     '5.6.10',
310 silly addNameRange     '5.6.11',
310 silly addNameRange     '5.6.12',
310 silly addNameRange     '5.6.14',
310 silly addNameRange     '5.6.23',
310 silly addNameRange     '5.8.2',
310 silly addNameRange     '5.8.3',
310 silly addNameRange     '5.8.5',
310 silly addNameRange     '5.8.6',
310 silly addNameRange     '5.8.8',
310 silly addNameRange     '5.8.9',
310 silly addNameRange     '5.8.12',
310 silly addNameRange     '5.8.19',
310 silly addNameRange     '5.8.20',
310 silly addNameRange     '5.8.21',
310 silly addNameRange     '5.8.23',
310 silly addNameRange     '5.8.29' ] ]
311 silly addNamed babel@5.8.29
312 verbose addNamed "5.8.29" is a plain semver version for babel
313 silly mapToRegistry name babel
314 silly mapToRegistry using default registry
315 silly mapToRegistry registry https://registry.npmjs.org/
316 silly mapToRegistry uri https://registry.npmjs.org/babel
317 verbose addRemoteTarball https://registry.npmjs.org/babel/-/babel-5.8.29.tgz not in flight; adding
318 verbose addRemoteTarball [ 'https://registry.npmjs.org/babel/-/babel-5.8.29.tgz',
318 verbose addRemoteTarball   'e3c8335faafd644af0385fee48a792bb21506403' ]
319 info retry fetch attempt 1 at 5:47:13 PM
320 info attempt registry request try #1 at 5:47:13 PM
321 http fetch GET https://registry.npmjs.org/babel/-/babel-5.8.29.tgz
322 verbose request using bearer token for auth
323 http 200 https://registry.npmjs.org/eslint
324 silly get cb [ 200,
324 silly get   { server: 'CouchDB/1.5.0 (Erlang OTP/R16B03)',
324 silly get     etag: '"ADH12JK4WK2SMRKZVIDY7VNA2"',
324 silly get     'content-type': 'application/json',
324 silly get     'cache-control': 'max-age=60',
324 silly get     'content-length': '195603',
324 silly get     'accept-ranges': 'bytes',
324 silly get     date: 'Sun, 25 Oct 2015 17:47:12 GMT',
324 silly get     via: '1.1 varnish',
324 silly get     connection: 'keep-alive',
324 silly get     'x-served-by': 'cache-lcy1132-LCY',
324 silly get     'x-cache': 'MISS',
324 silly get     'x-cache-hits': '0',
324 silly get     'x-timer': 'S1445795232.539316,VS0,VE372',
324 silly get     vary: 'Accept' } ]
325 verbose get saving eslint to /Users/mathieudutour/.npm/registry.npmjs.org/eslint/.cache.json
326 silly addNameRange number 2 { name: 'eslint', range: '>=1.1.0 <2.0.0', hasData: true }
327 silly addNameRange versions [ 'eslint',
327 silly addNameRange   [ '0.0.4',
327 silly addNameRange     '0.0.5',
327 silly addNameRange     '0.0.6',
327 silly addNameRange     '0.0.7',
327 silly addNameRange     '0.1.0-dev',
327 silly addNameRange     '0.1.0',
327 silly addNameRange     '0.1.1',
327 silly addNameRange     '0.1.2',
327 silly addNameRange     '0.1.3',
327 silly addNameRange     '0.1.4',
327 silly addNameRange     '0.2.0',
327 silly addNameRange     '0.3.0',
327 silly addNameRange     '0.4.0',
327 silly addNameRange     '0.4.1',
327 silly addNameRange     '0.4.2',
327 silly addNameRange     '0.4.3',
327 silly addNameRange     '0.4.4',
327 silly addNameRange     '0.4.5',
327 silly addNameRange     '0.5.0',
327 silly addNameRange     '0.5.1',
327 silly addNameRange     '0.6.0',
327 silly addNameRange     '0.6.1',
327 silly addNameRange     '0.6.2',
327 silly addNameRange     '0.7.1',
327 silly addNameRange     '0.7.2',
327 silly addNameRange     '0.7.3',
327 silly addNameRange     '0.7.4',
327 silly addNameRange     '0.8.0',
327 silly addNameRange     '0.8.1',
327 silly addNameRange     '0.8.2',
327 silly addNameRange     '0.9.0',
327 silly addNameRange     '0.9.1',
327 silly addNameRange     '0.9.2',
327 silly addNameRange     '0.10.0-alpha',
327 silly addNameRange     '0.10.0-alpha.1',
327 silly addNameRange     '0.10.0-alpha.2',
327 silly addNameRange     '0.10.0',
327 silly addNameRange     '0.11.0-alpha.0',
327 silly addNameRange     '0.10.1',
327 silly addNameRange     '0.10.2',
327 silly addNameRange     '0.11.0',
327 silly addNameRange     '0.12.0',
327 silly addNameRange     '0.13.0',
327 silly addNameRange     '0.14.0',
327 silly addNameRange     '0.14.1',
327 silly addNameRange     '0.15.0',
327 silly addNameRange     '0.15.1',
327 silly addNameRange     '0.16.0',
327 silly addNameRange     '0.16.1',
327 silly addNameRange     '0.16.2',
327 silly addNameRange     '0.17.0',
327 silly addNameRange     '0.17.1',
327 silly addNameRange     '0.18.0',
327 silly addNameRange     '0.19.0',
327 silly addNameRange     '0.20.0',
327 silly addNameRange     '0.21.0',
327 silly addNameRange     '0.21.1',
327 silly addNameRange     '0.21.2',
327 silly addNameRange     '0.22.0',
327 silly addNameRange     '0.22.1',
327 silly addNameRange     '0.23.0',
327 silly addNameRange     '0.24.0',
327 silly addNameRange     '0.24.1',
327 silly addNameRange     '1.0.0-rc-1',
327 silly addNameRange     '1.0.0-rc-2',
327 silly addNameRange     '1.0.0-rc-3',
327 silly addNameRange     '1.0.0',
327 silly addNameRange     '1.1.0',
327 silly addNameRange     '1.2.0',
327 silly addNameRange     '1.2.1',
327 silly addNameRange     '1.3.0',
327 silly addNameRange     '1.3.1',
327 silly addNameRange     '1.4.0',
327 silly addNameRange     '1.4.1',
327 silly addNameRange     '1.4.2',
327 silly addNameRange     '1.4.3',
327 silly addNameRange     '1.5.0',
327 silly addNameRange     '1.5.1',
327 silly addNameRange     '1.6.0',
327 silly addNameRange     '1.7.0',
327 silly addNameRange     '1.7.1',
327 silly addNameRange     '1.7.2',
327 silly addNameRange     '1.7.3' ] ]
328 silly addNamed eslint@1.7.3
329 verbose addNamed "1.7.3" is a plain semver version for eslint
330 silly mapToRegistry name eslint
331 silly mapToRegistry using default registry
332 silly mapToRegistry registry https://registry.npmjs.org/
333 silly mapToRegistry uri https://registry.npmjs.org/eslint
334 verbose addRemoteTarball https://registry.npmjs.org/eslint/-/eslint-1.7.3.tgz not in flight; adding
335 verbose addRemoteTarball [ 'https://registry.npmjs.org/eslint/-/eslint-1.7.3.tgz',
335 verbose addRemoteTarball   'b41f5c31fa891a1cb26c9a08831966e3b4eacdeb' ]
336 info retry fetch attempt 1 at 5:47:13 PM
337 info attempt registry request try #1 at 5:47:13 PM
338 http fetch GET https://registry.npmjs.org/eslint/-/eslint-1.7.3.tgz
339 verbose request using bearer token for auth
340 http fetch 200 https://registry.npmjs.org/babel/-/babel-5.8.29.tgz
341 silly fetchAndShaCheck shasum e3c8335faafd644af0385fee48a792bb21506403
342 verbose addTmpTarball /var/folders/vg/y8649tt52lqf0xxvbvqsm2dh0000gn/T/npm-37943-79f99c63/registry.npmjs.org/babel/-/babel-5.8.29.tgz not in flight; adding
343 verbose addTmpTarball already have metadata; skipping unpack for babel@5.8.29
344 silly cache afterAdd babel@5.8.29
345 verbose afterAdd /Users/mathieudutour/.npm/babel/5.8.29/package/package.json not in flight; writing
346 verbose afterAdd /Users/mathieudutour/.npm/babel/5.8.29/package/package.json written
347 http fetch 200 https://registry.npmjs.org/eslint/-/eslint-1.7.3.tgz
348 silly fetchAndShaCheck shasum b41f5c31fa891a1cb26c9a08831966e3b4eacdeb
349 verbose addTmpTarball /var/folders/vg/y8649tt52lqf0xxvbvqsm2dh0000gn/T/npm-37943-79f99c63/registry.npmjs.org/eslint/-/eslint-1.7.3.tgz not in flight; adding
350 verbose addTmpTarball already have metadata; skipping unpack for eslint@1.7.3
351 silly cache afterAdd eslint@1.7.3
352 verbose afterAdd /Users/mathieudutour/.npm/eslint/1.7.3/package/package.json not in flight; writing
353 verbose afterAdd /Users/mathieudutour/.npm/eslint/1.7.3/package/package.json written
354 verbose stack Error: Registry returned 404 for GET on https://registry.npmjs.org/pnp-accounts
354 verbose stack     at makeError (/Users/mathieudutour/.nvm/versions/node/v4.1.1/lib/node_modules/npm/node_modules/npm-registry-client/lib/request.js:263:12)
354 verbose stack     at CachingRegistryClient.<anonymous> (/Users/mathieudutour/.nvm/versions/node/v4.1.1/lib/node_modules/npm/node_modules/npm-registry-client/lib/request.js:241:14)
354 verbose stack     at Request._callback (/Users/mathieudutour/.nvm/versions/node/v4.1.1/lib/node_modules/npm/node_modules/npm-registry-client/lib/request.js:171:14)
354 verbose stack     at Request.self.callback (/Users/mathieudutour/.nvm/versions/node/v4.1.1/lib/node_modules/npm/node_modules/request/request.js:198:22)
354 verbose stack     at emitTwo (events.js:87:13)
354 verbose stack     at Request.emit (events.js:172:7)
354 verbose stack     at Request.<anonymous> (/Users/mathieudutour/.nvm/versions/node/v4.1.1/lib/node_modules/npm/node_modules/request/request.js:1073:14)
354 verbose stack     at emitOne (events.js:82:20)
354 verbose stack     at Request.emit (events.js:169:7)
354 verbose stack     at IncomingMessage.<anonymous> (/Users/mathieudutour/.nvm/versions/node/v4.1.1/lib/node_modules/npm/node_modules/request/request.js:1019:12)
355 verbose statusCode 404
356 verbose pkgid pnp-accounts
357 verbose cwd /Users/mathieudutour/Projets/pnp-accounts/example
358 error Darwin 15.0.0
359 error argv "/Users/mathieudutour/.nvm/versions/node/v4.1.1/bin/node" "/Users/mathieudutour/.nvm/versions/node/v4.1.1/bin/npm" "link" "../strategies/password"
360 error node v4.1.1
361 error npm  v2.14.4
362 error code E404
363 error 404 Registry returned 404 for GET on https://registry.npmjs.org/pnp-accounts
363 error 404
363 error 404 'pnp-accounts' is not in the npm registry.
363 error 404 You should bug the author to publish it (or use the name yourself!)
363 error 404 It was specified as a dependency of 'pnp-accounts-password'
363 error 404
363 error 404 Note that you can also install from a
363 error 404 tarball, folder, http url, or git url.
364 verbose exit [ 1, true ]
